#
# There is insufficient memory for the Java Runtime Environment to continue.
# Native memory allocation (mmap) failed to map 134217728 bytes for Failed to commit area from 0x0000000081400000 to 0x0000000089400000 of length 134217728.
# Possible reasons:
#   The system is out of physical RAM or swap space
#   The process is running with CompressedOops enabled, and the Java Heap may be blocking the growth of the native heap
# Possible solutions:
#   Reduce memory load on the system
#   Increase physical memory or swap space
#   Check if swap backing store is full
#   Decrease Java heap size (-Xmx/-Xms)
#   Decrease number of Java threads
#   Decrease Java thread stack sizes (-Xss)
#   Set larger code cache with -XX:ReservedCodeCacheSize=
# This output file may be truncated or incomplete.
#
#  Out of Memory Error (t:/workspace/open/src/hotspot/os/windows/os_windows.cpp:3269), pid=12708, tid=13528
#
# JRE version:  (11.0.1+13) (build )
# Java VM: Java HotSpot(TM) 64-Bit Server VM (11.0.1+13-LTS, mixed mode, aot, sharing, tiered, compressed oops, g1 gc, windows-amd64)
# No core dump will be written. Minidumps are not enabled by default on client versions of Windows
#

---------------  S U M M A R Y ------------

Command Line: -Dcom.sun.management.jmxremote -Dcom.sun.management.jmxremote.port=49914 -Dcom.sun.management.jmxremote.authenticate=false -Dcom.sun.management.jmxremote.ssl=false -Djava.rmi.server.hostname=localhost -Dspring.jmx.enabled=true -Dspring.application.admin.enabled=true -Xverify:none -XX:TieredStopAtLevel=1 -Dfile.encoding=UTF-8 ca.sheridancollege.CapstoneSiteApplication

Host: Intel(R) Core(TM) i7-4510U CPU @ 2.00GHz, 4 cores, 7G,  Windows 8.1 , 64 bit Build 9600 (6.3.9600.19326)
Time: Wed Apr 17 15:46:21 2019 Eastern Daylight Time elapsed time: 0 seconds (0d 0h 0m 0s)

---------------  T H R E A D  ---------------

Current thread (0x000000f75b0bf000):  JavaThread "Unknown thread" [_thread_in_vm, id=13528, stack(0x000000f75a760000,0x000000f75a860000)]

Stack: [0x000000f75a760000,0x000000f75a860000]
Native frames: (J=compiled Java code, j=interpreted, Vv=VM code, C=native code)
V  [jvm.dll+0x63c21a]
V  [jvm.dll+0x7797df]
V  [jvm.dll+0x77adca]
V  [jvm.dll+0x77b483]
V  [jvm.dll+0x2627f8]
V  [jvm.dll+0x6396ca]
V  [jvm.dll+0x62dfa5]
V  [jvm.dll+0x31699c]
V  [jvm.dll+0x316822]
V  [jvm.dll+0x31c096]
V  [jvm.dll+0x36842f]
V  [jvm.dll+0x367e50]
V  [jvm.dll+0x2f38b8]
V  [jvm.dll+0x2f4a16]
V  [jvm.dll+0x752da7]
V  [jvm.dll+0x7544ef]
V  [jvm.dll+0x375269]
V  [jvm.dll+0x7394a9]
V  [jvm.dll+0x3e467d]
V  [jvm.dll+0x3e6951]
C  [javaw.exe+0x3613]
C  [javaw.exe+0x17e2c]
C  [KERNEL32.DLL+0x13f2]
C  [ntdll.dll+0x154f4]


---------------  P R O C E S S  ---------------

Threads class SMR info:
_java_thread_list=0x000000f758f5a620, length=0, elements={
}

Java Threads: ( => current thread )

Other Threads:
  0x000000f75b0d5000 GCTaskThread "GC Thread#0" [stack: 0x000000f75aa70000,0x000000f75ab70000] [id=11356]
  0x000000f75b106000 ConcurrentGCThread "G1 Main Marker" [stack: 0x000000f776f10000,0x000000f777010000] [id=7496]
  0x000000f75b109800 ConcurrentGCThread "G1 Conc#0" [stack: 0x000000f777010000,0x000000f777110000] [id=12620]

[error occurred during error reporting (printing all threads), id 0xc0000005, EXCEPTION_ACCESS_VIOLATION (0xc0000005) at pc=0x00007ffd5e0f2137]

VM state:not at safepoint (not fully initialized)

VM Mutex/Monitor currently owned by a thread:  ([mutex/lock_event])
[0x000000f75b0be030] Heap_lock - owner thread: 0x000000f75b0bf000

Heap address: 0x0000000081400000, size: 2028 MB, Compressed Oops mode: Non-zero based: 0x0000000081400000
Narrow klass base: 0x0000000000000000, Narrow klass shift: 0

GC Heap History (0 events):
No events

Deoptimization events (0 events):
No events

Classes redefined (0 events):
No events

Internal exceptions (0 events):
No events

Events (0 events):
No events


Dynamic libraries:
0x00007ff799460000 - 0x00007ff7994a7000 	C:\Program Files\Java\jdk-11.0.1\bin\javaw.exe
0x00007ffd8b780000 - 0x00007ffd8b92d000 	C:\windows\SYSTEM32\ntdll.dll
0x00007ffd8b5e0000 - 0x00007ffd8b71f000 	C:\windows\system32\KERNEL32.DLL
0x00007ffd88ac0000 - 0x00007ffd88bd6000 	C:\windows\system32\KERNELBASE.dll
0x00007ffd8a340000 - 0x00007ffd8a3ea000 	C:\windows\system32\ADVAPI32.dll
0x00007ffd8a810000 - 0x00007ffd8a987000 	C:\windows\system32\USER32.dll
0x00007ffd863a0000 - 0x00007ffd8661b000 	C:\windows\WinSxS\amd64_microsoft.windows.common-controls_6595b64144ccf1df_6.0.9600.19291_none_6248a9f3ecb5e89b\COMCTL32.dll
0x00007ffd81b90000 - 0x00007ffd81b9a000 	C:\windows\SYSTEM32\VERSION.dll
0x00007ffd8a550000 - 0x00007ffd8a5fa000 	C:\windows\system32\msvcrt.dll
0x00007ffd8b010000 - 0x00007ffd8b069000 	C:\windows\SYSTEM32\sechost.dll
0x00007ffd8ab20000 - 0x00007ffd8ac60000 	C:\windows\system32\RPCRT4.dll
0x00007ffd8aec0000 - 0x00007ffd8b00c000 	C:\windows\system32\GDI32.dll
0x00007ffd88980000 - 0x00007ffd889ae000 	C:\windows\system32\SspiCli.dll
0x00007ffd8a990000 - 0x00007ffd8a9c6000 	C:\windows\system32\IMM32.DLL
0x00007ffd8a3f0000 - 0x00007ffd8a541000 	C:\windows\system32\MSCTF.dll
0x00007ffd75650000 - 0x00007ffd75666000 	C:\Program Files\Java\jdk-11.0.1\bin\vcruntime140.dll
0x00007ffd756a0000 - 0x00007ffd756a4000 	C:\Program Files\Java\jdk-11.0.1\bin\api-ms-win-crt-runtime-l1-1-0.dll
0x00007ffd75640000 - 0x00007ffd75644000 	C:\Program Files\Java\jdk-11.0.1\bin\api-ms-win-crt-string-l1-1-0.dll
0x00007ffd75630000 - 0x00007ffd75633000 	C:\Program Files\Java\jdk-11.0.1\bin\api-ms-win-crt-heap-l1-1-0.dll
0x00007ffd754c0000 - 0x00007ffd754c4000 	C:\Program Files\Java\jdk-11.0.1\bin\api-ms-win-crt-stdio-l1-1-0.dll
0x00007ffd754b0000 - 0x00007ffd754b4000 	C:\Program Files\Java\jdk-11.0.1\bin\api-ms-win-crt-convert-l1-1-0.dll
0x00007ffd68ee0000 - 0x00007ffd68fd6000 	C:\Program Files\Java\jdk-11.0.1\bin\ucrtbase.DLL
0x00007ffd64530000 - 0x00007ffd645da000 	C:\Program Files\Java\jdk-11.0.1\bin\msvcp140.dll
0x00007ffd75390000 - 0x00007ffd75393000 	C:\Program Files\Java\jdk-11.0.1\bin\api-ms-win-crt-locale-l1-1-0.dll
0x00007ffd75380000 - 0x00007ffd75385000 	C:\Program Files\Java\jdk-11.0.1\bin\api-ms-win-crt-math-l1-1-0.dll
0x00007ffd75370000 - 0x00007ffd75375000 	C:\Program Files\Java\jdk-11.0.1\bin\api-ms-win-crt-multibyte-l1-1-0.dll
0x00007ffd75360000 - 0x00007ffd75363000 	C:\Program Files\Java\jdk-11.0.1\bin\api-ms-win-crt-time-l1-1-0.dll
0x00007ffd75350000 - 0x00007ffd75353000 	C:\Program Files\Java\jdk-11.0.1\bin\api-ms-win-crt-filesystem-l1-1-0.dll
0x00007ffd75340000 - 0x00007ffd75343000 	C:\Program Files\Java\jdk-11.0.1\bin\api-ms-win-crt-environment-l1-1-0.dll
0x00007ffd75330000 - 0x00007ffd75333000 	C:\Program Files\Java\jdk-11.0.1\bin\api-ms-win-crt-utility-l1-1-0.dll
0x00007ffd5ddf0000 - 0x00007ffd5e932000 	C:\Program Files\Java\jdk-11.0.1\bin\server\jvm.dll
0x00007ffd7d9f0000 - 0x00007ffd7d9f9000 	C:\windows\SYSTEM32\WSOCK32.dll
0x00007ffd81d20000 - 0x00007ffd81d42000 	C:\windows\SYSTEM32\WINMM.dll
0x00007ffd8b200000 - 0x00007ffd8b207000 	C:\windows\system32\PSAPI.DLL
0x00007ffd8b720000 - 0x00007ffd8b77a000 	C:\windows\system32\WS2_32.dll
0x00007ffd81cf0000 - 0x00007ffd81d1a000 	C:\windows\SYSTEM32\WINMMBASE.dll
0x00007ffd8b210000 - 0x00007ffd8b219000 	C:\windows\system32\NSI.dll
0x00007ffd88dc0000 - 0x00007ffd88e0f000 	C:\windows\SYSTEM32\cfgmgr32.dll
0x00007ffd876c0000 - 0x00007ffd876e8000 	C:\windows\SYSTEM32\DEVOBJ.dll
0x00007ffd75230000 - 0x00007ffd75241000 	C:\Program Files\Java\jdk-11.0.1\bin\verify.dll
0x00007ffd85f20000 - 0x00007ffd860a9000 	C:\windows\SYSTEM32\DBGHELP.DLL
0x00007ffd74d10000 - 0x00007ffd74d39000 	C:\Program Files\Java\jdk-11.0.1\bin\java.dll
0x00007ffd751d0000 - 0x00007ffd751e6000 	C:\Program Files\Java\jdk-11.0.1\bin\zip.dll
0x00007ffd75320000 - 0x00007ffd7532a000 	C:\Program Files\Java\jdk-11.0.1\bin\jimage.dll

dbghelp: loaded successfully - version: 4.0.5 - missing functions: none
symbol engine: initialized successfully - sym options: 0x614 - pdb path: .;C:\Program Files\Java\jdk-11.0.1\bin;C:\windows\SYSTEM32;C:\windows\WinSxS\amd64_microsoft.windows.common-controls_6595b64144ccf1df_6.0.9600.19291_none_6248a9f3ecb5e89b;C:\Program Files\Java\jdk-11.0.1\bin\server

VM Arguments:
jvm_args: -Dcom.sun.management.jmxremote -Dcom.sun.management.jmxremote.port=49914 -Dcom.sun.management.jmxremote.authenticate=false -Dcom.sun.management.jmxremote.ssl=false -Djava.rmi.server.hostname=localhost -Dspring.jmx.enabled=true -Dspring.application.admin.enabled=true -Xverify:none -XX:TieredStopAtLevel=1 -Dfile.encoding=UTF-8 
java_command: ca.sheridancollege.CapstoneSiteApplication
java_class_path (initial): C:\_JESSICA\_SCHOOL\Semester_5\2.Java Frameworks\Workspace3\capstone_site_v6.3\target\classes;C:\Users\Jessica\.m2\repository\org\springframework\boot\spring-boot-starter\2.1.4.RELEASE\spring-boot-starter-2.1.4.RELEASE.jar;C:\Users\Jessica\.m2\repository\org\springframework\boot\spring-boot\2.1.4.RELEASE\spring-boot-2.1.4.RELEASE.jar;C:\Users\Jessica\.m2\repository\org\springframework\boot\spring-boot-autoconfigure\2.1.4.RELEASE\spring-boot-autoconfigure-2.1.4.RELEASE.jar;C:\Users\Jessica\.m2\repository\org\springframework\boot\spring-boot-starter-logging\2.1.4.RELEASE\spring-boot-starter-logging-2.1.4.RELEASE.jar;C:\Users\Jessica\.m2\repository\ch\qos\logback\logback-classic\1.2.3\logback-classic-1.2.3.jar;C:\Users\Jessica\.m2\repository\ch\qos\logback\logback-core\1.2.3\logback-core-1.2.3.jar;C:\Users\Jessica\.m2\repository\org\apache\logging\log4j\log4j-to-slf4j\2.11.2\log4j-to-slf4j-2.11.2.jar;C:\Users\Jessica\.m2\repository\org\apache\logging\log4j\log4j-api\2.11.2\log4j-api-2.11.2.jar;C:\Users\Jessica\.m2\repository\org\slf4j\jul-to-slf4j\1.7.26\jul-to-slf4j-1.7.26.jar;C:\Users\Jessica\.m2\repository\javax\annotation\javax.annotation-api\1.3.2\javax.annotation-api-1.3.2.jar;C:\Users\Jessica\.m2\repository\org\springframework\spring-core\5.1.6.RELEASE\spring-core-5.1.6.RELEASE.jar;C:\Users\Jessica\.m2\repository\org\springframework\spring-jcl\5.1.6.RELEASE\spring-jcl-5.1.6.RELEASE.jar;C:\Users\Jessica\.m2\repository\org\yaml\snakeyaml\1.23\snakeyaml-1.23.jar;C:\Users\Jessica\.m2\repository\org\projectlombok\lombok\1.18.4\lombok-1.18.4.jar;C:\Users\Jessica\.m2\repository\javax\validation\validation-api\2.0.1.Final\validation-api-2.0.1.Final.jar;C:\Users\Jessica\.m2\repository\org\hibernate\validator\hibernate-validator\6.0.16.Final\hibernate-validator-6.0.16.Final.jar;C:\Users\Jessica\.m2\repository\org\jboss\logging\jboss-logging\3.3.2.Final\jboss-logging-3.3.2.Final.jar;C:\Users\Jessica\.m2\repository\com\fasterxml\classmate\1.4.0\
Launcher Type: SUN_STANDARD

[Global flags]
     bool BytecodeVerificationLocal                = false                                     {product} {command line}
     bool BytecodeVerificationRemote               = false                                     {product} {command line}
     intx CICompilerCount                          = 3                                         {product} {ergonomic}
     uint ConcGCThreads                            = 1                                         {product} {ergonomic}
     uint G1ConcRefinementThreads                  = 4                                         {product} {ergonomic}
   size_t G1HeapRegionSize                         = 1048576                                   {product} {ergonomic}
    uintx GCDrainStackTargetSize                   = 64                                        {product} {ergonomic}
   size_t InitialHeapSize                          = 134217728                                 {product} {ergonomic}
     bool ManagementServer                         = true                                      {product} {command line}
   size_t MarkStackSize                            = 4194304                                   {product} {ergonomic}
   size_t MaxHeapSize                              = 2126512128                                {product} {ergonomic}
   size_t MinHeapDeltaBytes                        = 1048576                                   {product} {ergonomic}
    uintx NonNMethodCodeHeapSize                   = 6973028                                {pd product} {ergonomic}
    uintx NonProfiledCodeHeapSize                  = 244685212                              {pd product} {ergonomic}
    uintx ProfiledCodeHeapSize                     = 0                                      {pd product} {ergonomic}
    uintx ReservedCodeCacheSize                    = 251658240                              {pd product} {ergonomic}
     bool SegmentedCodeCache                       = true                                      {product} {ergonomic}
     intx TieredStopAtLevel                        = 1                                         {product} {command line}
     bool UseCompressedClassPointers               = true                                 {lp64_product} {ergonomic}
     bool UseCompressedOops                        = true                                 {lp64_product} {ergonomic}
     bool UseG1GC                                  = true                                      {product} {ergonomic}
     bool UseLargePagesIndividualAllocation        = false                                  {pd product} {ergonomic}

Logging:
Log output configuration:
 #0: stdout all=warning uptime,level,tags
 #1: stderr all=off uptime,level,tags

Environment Variables:
JAVA_HOME=C:\Program Files\Java\jdk-11.0.1\bin
JRE_HOME=C:\Program Files\Java\jdk-11.0.1
PATH=C:/Program Files/Java/jre1.8.0_201/bin/server;C:/Program Files/Java/jre1.8.0_201/bin;C:/Program Files/Java/jre1.8.0_201/lib/amd64;C:\Program Files (x86)\Common Files\Oracle\Java\javapath;C:\Program Files\Microsoft MPI\Bin\;C:\ProgramData\Oracle\Java\javapath;C:\Program Files (x86)\Lenovo\FusionEngine;C:\Program Files (x86)\Intel\iCLS Client\;C:\Program Files\Intel\iCLS Client\;C:\windows\system32;C:\windows;C:\windows\System32\Wbem;C:\windows\System32\WindowsPowerShell\v1.0\;C:\Program Files\Intel\Intel(R) Management Engine Components\DAL;C:\Program Files\Intel\Intel(R) Management Engine Components\IPT;C:\Program Files (x86)\Intel\Intel(R) Management Engine Components\DAL;C:\Program Files (x86)\Intel\Intel(R) Management Engine Components\IPT;C:\Program Files (x86)\Lenovo\Motion Control\;C:\Program Files (x86)\Calibre2\;C:\Program Files (x86)\Microsoft SQL Server\110\Tools\Binn\ManagementStudio\;C:\Program Files (x86)\Microsoft SQL Server\110\Tools\Binn\;C:\Program Files (x86)\Microsoft SQL Server\110\DTS\Binn\;C:\Program Files\Microsoft SQL Server\130\Tools\Binn\;C:\Program Files\dotnet\;C:\Program Files\Microsoft SQL Server\120\Tools\Binn\;C:\Program Files (x86)\Windows Kits\8.1\Windows Performance Toolkit\;C:\Program Files\Microsoft\Web Platform Installer\;c:\Program Files (x86)\Microsoft Visual Studio 10.0\Common7\IDE\PrivateAssemblies\;C:\Program Files\Microsoft SQL Server\110\Tools\Binn\;C:\Program Files\Intel\WiFi\bin\;C:\Program Files\Common Files\Intel\WirelessCommon\;C:\Program Files\nodejs\;C:\Program Files\Git\cmd;C:\Users\Jessica\AppData\Roaming\npm;C:\Users\Jessica\AppData\Local\Programs\Microsoft VS Code\bin;C:\Users\Jessica\Desktop;
USERNAME=Jessica
OS=Windows_NT
PROCESSOR_IDENTIFIER=Intel64 Family 6 Model 69 Stepping 1, GenuineIntel



---------------  S Y S T E M  ---------------

OS: Windows 8.1 , 64 bit Build 9600 (6.3.9600.19326)

CPU:total 4 (initial active 4) (2 cores per cpu, 2 threads per core) family 6 model 69 stepping 1, cmov, cx8, fxsr, mmx, sse, sse2, sse3, ssse3, sse4.1, sse4.2, popcnt, avx, avx2, aes, clmul, erms, lzcnt, ht, tsc, tscinvbit, bmi1, bmi2, fma

Memory: 4k page, system-wide physical 8104M (1064M free)
TotalPageFile size 32680M (AvailPageFile size 39M)
current process WorkingSet (physical memory assigned to process): 9M, peak: 9M
current process commit charge ("private bytes"): 49M, peak: 177M

vm_info: Java HotSpot(TM) 64-Bit Server VM (11.0.1+13-LTS) for windows-amd64 JRE (11.0.1+13-LTS), built on Oct  6 2018 13:20:16 by "mach5one" with MS VC++ 15.5 (VS2017)

END.
